<?xml version="1.0" encoding="UTF-8"?>
<testsuite name="tourGuide.TestTourGuideService" tests="7" skipped="0" failures="0" errors="0" timestamp="2021-01-11T11:49:10" hostname="DESKTOP-10MOG2F" time="12.259">
  <properties/>
  <testcase name="getUserLocation" classname="tourGuide.TestTourGuideService" time="0.058"/>
  <testcase name="getAllCurrentUsersLocationsTest" classname="tourGuide.TestTourGuideService" time="0.16"/>
  <testcase name="addUser" classname="tourGuide.TestTourGuideService" time="0.006"/>
  <testcase name="getTripDeals" classname="tourGuide.TestTourGuideService" time="1.677"/>
  <testcase name="getAllUsers" classname="tourGuide.TestTourGuideService" time="0.005"/>
  <testcase name="trackUser" classname="tourGuide.TestTourGuideService" time="0.097"/>
  <testcase name="getNearbyAttractions" classname="tourGuide.TestTourGuideService" time="10.251"/>
  <system-out><![CDATA[2021-01-11 12:49:10.510  INFO 28088 --- [    Test worker] .b.t.c.SpringBootTestContextBootstrapper : Neither @ContextConfiguration nor @ContextHierarchy found for test class [tourGuide.TestTourGuideService], using SpringBootContextLoader
2021-01-11 12:49:10.511  INFO 28088 --- [    Test worker] o.s.t.c.support.AbstractContextLoader    : Could not detect default resource locations for test class [tourGuide.TestTourGuideService]: no resource found for suffixes {-context.xml, Context.groovy}.
2021-01-11 12:49:10.511  INFO 28088 --- [    Test worker] t.c.s.AnnotationConfigContextLoaderUtils : Could not detect default configuration classes for test class [tourGuide.TestTourGuideService]: TestTourGuideService does not declare any static, non-private, non-final, nested classes annotated with @Configuration.
2021-01-11 12:49:10.513  INFO 28088 --- [    Test worker] .b.t.c.SpringBootTestContextBootstrapper : Found @SpringBootConfiguration tourGuide.Application for test class tourGuide.TestTourGuideService
2021-01-11 12:49:10.515  INFO 28088 --- [    Test worker] .b.t.c.SpringBootTestContextBootstrapper : Loaded default TestExecutionListener class names from location [META-INF/spring.factories]: [org.springframework.boot.test.autoconfigure.restdocs.RestDocsTestExecutionListener, org.springframework.boot.test.autoconfigure.web.client.MockRestServiceServerResetTestExecutionListener, org.springframework.boot.test.autoconfigure.web.servlet.MockMvcPrintOnlyOnFailureTestExecutionListener, org.springframework.boot.test.autoconfigure.web.servlet.WebDriverTestExecutionListener, org.springframework.boot.test.mock.mockito.MockitoTestExecutionListener, org.springframework.boot.test.mock.mockito.ResetMocksTestExecutionListener, org.springframework.test.context.web.ServletTestExecutionListener, org.springframework.test.context.support.DirtiesContextBeforeModesTestExecutionListener, org.springframework.test.context.support.DependencyInjectionTestExecutionListener, org.springframework.test.context.support.DirtiesContextTestExecutionListener, org.springframework.test.context.transaction.TransactionalTestExecutionListener, org.springframework.test.context.jdbc.SqlScriptsTestExecutionListener]
2021-01-11 12:49:10.516  INFO 28088 --- [    Test worker] .b.t.c.SpringBootTestContextBootstrapper : Using TestExecutionListeners: [org.springframework.test.context.web.ServletTestExecutionListener@356ee552, org.springframework.test.context.support.DirtiesContextBeforeModesTestExecutionListener@4b45a822, org.springframework.boot.test.mock.mockito.MockitoTestExecutionListener@7b91177c, org.springframework.boot.test.autoconfigure.SpringBootDependencyInjectionTestExecutionListener@22bba728, org.springframework.test.context.support.DirtiesContextTestExecutionListener@60bd8258, org.springframework.boot.test.autoconfigure.restdocs.RestDocsTestExecutionListener@65f22d5, org.springframework.boot.test.autoconfigure.web.client.MockRestServiceServerResetTestExecutionListener@7506ff95, org.springframework.boot.test.autoconfigure.web.servlet.MockMvcPrintOnlyOnFailureTestExecutionListener@afb94fa, org.springframework.boot.test.autoconfigure.web.servlet.WebDriverTestExecutionListener@65878bf, org.springframework.boot.test.mock.mockito.ResetMocksTestExecutionListener@79eebb2b]
2021-01-11 12:49:10.521  INFO 28088 --- [    Test worker] tourGuide.service.TourGuideService       : TestMode enabled
2021-01-11 12:49:10.522 DEBUG 28088 --- [    Test worker] tourGuide.service.TourGuideService       : Initializing users
2021-01-11 12:49:10.522 DEBUG 28088 --- [    Test worker] tourGuide.service.TourGuideService       : Created 0 internal test users.
2021-01-11 12:49:10.522 DEBUG 28088 --- [    Test worker] tourGuide.service.TourGuideService       : Finished initializing users
2021-01-11 12:49:10.523 DEBUG 28088 --- [ool-17-thread-1] tourGuide.tracker.Tracker                : Begin Tracker. Tracking 0 users.
2021-01-11 12:49:10.525 DEBUG 28088 --- [ool-17-thread-1] tourGuide.tracker.Tracker                : Tracker Time Elapsed: 0 seconds.
2021-01-11 12:49:10.527 DEBUG 28088 --- [ool-17-thread-1] tourGuide.tracker.Tracker                : Tracker sleeping
2021-01-11 12:49:10.740  INFO 28088 --- [    Test worker] tourGuide.service.TourGuideService       : TestMode enabled
2021-01-11 12:49:10.740 DEBUG 28088 --- [    Test worker] tourGuide.service.TourGuideService       : Initializing users
2021-01-11 12:49:10.740 DEBUG 28088 --- [    Test worker] tourGuide.service.TourGuideService       : Created 0 internal test users.
2021-01-11 12:49:10.741 DEBUG 28088 --- [    Test worker] tourGuide.service.TourGuideService       : Finished initializing users
2021-01-11 12:49:10.743 DEBUG 28088 --- [ool-20-thread-1] tourGuide.tracker.Tracker                : Tracker stopping
2021-01-11 12:49:12.425  INFO 28088 --- [    Test worker] tourGuide.service.TourGuideService       : TestMode enabled
2021-01-11 12:49:12.425 DEBUG 28088 --- [    Test worker] tourGuide.service.TourGuideService       : Initializing users
2021-01-11 12:49:12.425 DEBUG 28088 --- [    Test worker] tourGuide.service.TourGuideService       : Created 0 internal test users.
2021-01-11 12:49:12.425 DEBUG 28088 --- [    Test worker] tourGuide.service.TourGuideService       : Finished initializing users
2021-01-11 12:49:12.431  INFO 28088 --- [    Test worker] tourGuide.service.TourGuideService       : TestMode enabled
2021-01-11 12:49:12.431 DEBUG 28088 --- [    Test worker] tourGuide.service.TourGuideService       : Initializing users
2021-01-11 12:49:12.431 DEBUG 28088 --- [    Test worker] tourGuide.service.TourGuideService       : Created 0 internal test users.
2021-01-11 12:49:12.431 DEBUG 28088 --- [    Test worker] tourGuide.service.TourGuideService       : Finished initializing users
2021-01-11 12:49:12.452 DEBUG 28088 --- [ool-23-thread-1] tourGuide.tracker.Tracker                : Tracker stopping
2021-01-11 12:49:12.460 DEBUG 28088 --- [ool-26-thread-1] tourGuide.tracker.Tracker                : Begin Tracker. Tracking 0 users.
2021-01-11 12:49:12.461 DEBUG 28088 --- [ool-26-thread-1] tourGuide.tracker.Tracker                : Tracker Time Elapsed: 0 seconds.
2021-01-11 12:49:12.461 DEBUG 28088 --- [ool-26-thread-1] tourGuide.tracker.Tracker                : Tracker sleeping
]]></system-out>
  <system-err><![CDATA[]]></system-err>
</testsuite>
