<?xml version="1.0" encoding="UTF-8"?>
<testsuite name="tourGuide.TestRewardsService" tests="3" skipped="0" failures="0" errors="0" timestamp="2021-01-11T11:48:59" hostname="DESKTOP-10MOG2F" time="11.394">
  <properties/>
  <testcase name="nearAllAttractions" classname="tourGuide.TestRewardsService" time="10.318"/>
  <testcase name="userGetRewards" classname="tourGuide.TestRewardsService" time="1.054"/>
  <testcase name="isWithinAttractionProximity" classname="tourGuide.TestRewardsService" time="0.019"/>
  <system-out><![CDATA[2021-01-11 12:48:59.082  INFO 28088 --- [    Test worker] .b.t.c.SpringBootTestContextBootstrapper : Neither @ContextConfiguration nor @ContextHierarchy found for test class [tourGuide.TestRewardsService], using SpringBootContextLoader
2021-01-11 12:48:59.083  INFO 28088 --- [    Test worker] o.s.t.c.support.AbstractContextLoader    : Could not detect default resource locations for test class [tourGuide.TestRewardsService]: no resource found for suffixes {-context.xml, Context.groovy}.
2021-01-11 12:48:59.084  INFO 28088 --- [    Test worker] t.c.s.AnnotationConfigContextLoaderUtils : Could not detect default configuration classes for test class [tourGuide.TestRewardsService]: TestRewardsService does not declare any static, non-private, non-final, nested classes annotated with @Configuration.
2021-01-11 12:48:59.088  INFO 28088 --- [    Test worker] .b.t.c.SpringBootTestContextBootstrapper : Found @SpringBootConfiguration tourGuide.Application for test class tourGuide.TestRewardsService
2021-01-11 12:48:59.090  INFO 28088 --- [    Test worker] .b.t.c.SpringBootTestContextBootstrapper : Loaded default TestExecutionListener class names from location [META-INF/spring.factories]: [org.springframework.boot.test.autoconfigure.restdocs.RestDocsTestExecutionListener, org.springframework.boot.test.autoconfigure.web.client.MockRestServiceServerResetTestExecutionListener, org.springframework.boot.test.autoconfigure.web.servlet.MockMvcPrintOnlyOnFailureTestExecutionListener, org.springframework.boot.test.autoconfigure.web.servlet.WebDriverTestExecutionListener, org.springframework.boot.test.mock.mockito.MockitoTestExecutionListener, org.springframework.boot.test.mock.mockito.ResetMocksTestExecutionListener, org.springframework.test.context.web.ServletTestExecutionListener, org.springframework.test.context.support.DirtiesContextBeforeModesTestExecutionListener, org.springframework.test.context.support.DependencyInjectionTestExecutionListener, org.springframework.test.context.support.DirtiesContextTestExecutionListener, org.springframework.test.context.transaction.TransactionalTestExecutionListener, org.springframework.test.context.jdbc.SqlScriptsTestExecutionListener]
2021-01-11 12:48:59.092  INFO 28088 --- [    Test worker] .b.t.c.SpringBootTestContextBootstrapper : Using TestExecutionListeners: [org.springframework.test.context.web.ServletTestExecutionListener@7fad6ceb, org.springframework.test.context.support.DirtiesContextBeforeModesTestExecutionListener@252cbb2e, org.springframework.boot.test.mock.mockito.MockitoTestExecutionListener@21e1bf90, org.springframework.boot.test.autoconfigure.SpringBootDependencyInjectionTestExecutionListener@6ab80e5a, org.springframework.test.context.support.DirtiesContextTestExecutionListener@7e66fdd2, org.springframework.boot.test.autoconfigure.restdocs.RestDocsTestExecutionListener@3e53ccfb, org.springframework.boot.test.autoconfigure.web.client.MockRestServiceServerResetTestExecutionListener@12e2f99e, org.springframework.boot.test.autoconfigure.web.servlet.MockMvcPrintOnlyOnFailureTestExecutionListener@3882ef46, org.springframework.boot.test.autoconfigure.web.servlet.WebDriverTestExecutionListener@71431de9, org.springframework.boot.test.mock.mockito.ResetMocksTestExecutionListener@5157232e]
2021-01-11 12:49:09.410  INFO 28088 --- [    Test worker] tourGuide.service.TourGuideService       : TestMode enabled
2021-01-11 12:49:09.411 DEBUG 28088 --- [    Test worker] tourGuide.service.TourGuideService       : Initializing users
2021-01-11 12:49:09.411 DEBUG 28088 --- [    Test worker] tourGuide.service.TourGuideService       : Created 0 internal test users.
2021-01-11 12:49:09.411 DEBUG 28088 --- [    Test worker] tourGuide.service.TourGuideService       : Finished initializing users
2021-01-11 12:49:09.413 DEBUG 28088 --- [ool-13-thread-1] tourGuide.tracker.Tracker                : Begin Tracker. Tracking 0 users.
2021-01-11 12:49:09.415 DEBUG 28088 --- [ool-13-thread-1] tourGuide.tracker.Tracker                : Tracker Time Elapsed: 0 seconds.
2021-01-11 12:49:09.417 DEBUG 28088 --- [ool-13-thread-1] tourGuide.tracker.Tracker                : Tracker sleeping
]]></system-out>
  <system-err><![CDATA[]]></system-err>
</testsuite>
