<?xml version="1.0" encoding="UTF-8"?>
<testsuite name="tourGuide.TestRewardsService" tests="1" skipped="0" failures="0" errors="0" timestamp="2020-12-17T14:11:34" hostname="DESKTOP-10MOG2F" time="2.168">
  <properties/>
  <testcase name="userGetRewards" classname="tourGuide.TestRewardsService" time="2.168"/>
  <system-out><![CDATA[15:11:06.272 [Test worker] DEBUG org.springframework.test.context.junit4.SpringJUnit4ClassRunner - SpringJUnit4ClassRunner constructor called with [class tourGuide.TestRewardsService]
15:11:06.306 [Test worker] DEBUG org.springframework.test.context.BootstrapUtils - Instantiating CacheAwareContextLoaderDelegate from class [org.springframework.test.context.cache.DefaultCacheAwareContextLoaderDelegate]
15:11:06.363 [Test worker] DEBUG org.springframework.test.context.BootstrapUtils - Instantiating BootstrapContext using constructor [public org.springframework.test.context.support.DefaultBootstrapContext(java.lang.Class,org.springframework.test.context.CacheAwareContextLoaderDelegate)]
15:11:06.470 [Test worker] DEBUG org.springframework.test.context.BootstrapUtils - Instantiating TestContextBootstrapper for test class [tourGuide.TestRewardsService] from class [org.springframework.boot.test.context.SpringBootTestContextBootstrapper]
15:11:06.517 [Test worker] INFO org.springframework.boot.test.context.SpringBootTestContextBootstrapper - Neither @ContextConfiguration nor @ContextHierarchy found for test class [tourGuide.TestRewardsService], using SpringBootContextLoader
15:11:06.550 [Test worker] DEBUG org.springframework.test.context.support.AbstractContextLoader - Did not detect default resource location for test class [tourGuide.TestRewardsService]: class path resource [tourGuide/TestRewardsService-context.xml] does not exist
15:11:06.551 [Test worker] DEBUG org.springframework.test.context.support.AbstractContextLoader - Did not detect default resource location for test class [tourGuide.TestRewardsService]: class path resource [tourGuide/TestRewardsServiceContext.groovy] does not exist
15:11:06.552 [Test worker] INFO org.springframework.test.context.support.AbstractContextLoader - Could not detect default resource locations for test class [tourGuide.TestRewardsService]: no resource found for suffixes {-context.xml, Context.groovy}.
15:11:06.556 [Test worker] INFO org.springframework.test.context.support.AnnotationConfigContextLoaderUtils - Could not detect default configuration classes for test class [tourGuide.TestRewardsService]: TestRewardsService does not declare any static, non-private, non-final, nested classes annotated with @Configuration.
15:11:06.755 [Test worker] DEBUG org.springframework.test.context.support.ActiveProfilesUtils - Could not find an 'annotation declaring class' for annotation type [org.springframework.test.context.ActiveProfiles] and class [tourGuide.TestRewardsService]
15:11:07.131 [Test worker] DEBUG org.springframework.context.annotation.ClassPathScanningCandidateComponentProvider - Identified candidate component class: file [D:\projetoc8\TourGuide\build\classes\java\main\tourGuide\Application.class]
15:11:07.141 [Test worker] INFO org.springframework.boot.test.context.SpringBootTestContextBootstrapper - Found @SpringBootConfiguration tourGuide.Application for test class tourGuide.TestRewardsService
15:11:07.633 [Test worker] DEBUG org.springframework.boot.test.context.SpringBootTestContextBootstrapper - @TestExecutionListeners is not present for class [tourGuide.TestRewardsService]: using defaults.
15:11:07.637 [Test worker] INFO org.springframework.boot.test.context.SpringBootTestContextBootstrapper - Loaded default TestExecutionListener class names from location [META-INF/spring.factories]: [org.springframework.boot.test.autoconfigure.restdocs.RestDocsTestExecutionListener, org.springframework.boot.test.autoconfigure.web.client.MockRestServiceServerResetTestExecutionListener, org.springframework.boot.test.autoconfigure.web.servlet.MockMvcPrintOnlyOnFailureTestExecutionListener, org.springframework.boot.test.autoconfigure.web.servlet.WebDriverTestExecutionListener, org.springframework.boot.test.mock.mockito.MockitoTestExecutionListener, org.springframework.boot.test.mock.mockito.ResetMocksTestExecutionListener, org.springframework.test.context.web.ServletTestExecutionListener, org.springframework.test.context.support.DirtiesContextBeforeModesTestExecutionListener, org.springframework.test.context.support.DependencyInjectionTestExecutionListener, org.springframework.test.context.support.DirtiesContextTestExecutionListener, org.springframework.test.context.transaction.TransactionalTestExecutionListener, org.springframework.test.context.jdbc.SqlScriptsTestExecutionListener]
15:11:07.729 [Test worker] DEBUG org.springframework.boot.test.context.SpringBootTestContextBootstrapper - Skipping candidate TestExecutionListener [org.springframework.test.context.transaction.TransactionalTestExecutionListener] due to a missing dependency. Specify custom listener classes or make the default listener classes and their required dependencies available. Offending class: [org/springframework/transaction/interceptor/TransactionAttributeSource]
15:11:07.731 [Test worker] DEBUG org.springframework.boot.test.context.SpringBootTestContextBootstrapper - Skipping candidate TestExecutionListener [org.springframework.test.context.jdbc.SqlScriptsTestExecutionListener] due to a missing dependency. Specify custom listener classes or make the default listener classes and their required dependencies available. Offending class: [org/springframework/transaction/interceptor/TransactionAttribute]
15:11:07.731 [Test worker] INFO org.springframework.boot.test.context.SpringBootTestContextBootstrapper - Using TestExecutionListeners: [org.springframework.test.context.web.ServletTestExecutionListener@15ad4385, org.springframework.test.context.support.DirtiesContextBeforeModesTestExecutionListener@36f60ebf, org.springframework.boot.test.mock.mockito.MockitoTestExecutionListener@31687c66, org.springframework.boot.test.autoconfigure.SpringBootDependencyInjectionTestExecutionListener@69b051d0, org.springframework.test.context.support.DirtiesContextTestExecutionListener@167e9608, org.springframework.boot.test.autoconfigure.restdocs.RestDocsTestExecutionListener@107bf18e, org.springframework.boot.test.autoconfigure.web.client.MockRestServiceServerResetTestExecutionListener@628234ab, org.springframework.boot.test.autoconfigure.web.servlet.MockMvcPrintOnlyOnFailureTestExecutionListener@9d7d7fa, org.springframework.boot.test.autoconfigure.web.servlet.WebDriverTestExecutionListener@6b7bce1e, org.springframework.boot.test.mock.mockito.ResetMocksTestExecutionListener@2443b57e]
15:11:07.823 [Test worker] DEBUG org.springframework.test.annotation.ProfileValueUtils - Retrieved @ProfileValueSourceConfiguration [null] for test class [tourGuide.TestRewardsService]
15:11:07.827 [Test worker] DEBUG org.springframework.test.annotation.ProfileValueUtils - Retrieved ProfileValueSource type [class org.springframework.test.annotation.SystemProfileValueSource] for class [tourGuide.TestRewardsService]
15:11:07.855 [Test worker] DEBUG org.springframework.test.annotation.ProfileValueUtils - Retrieved @ProfileValueSourceConfiguration [null] for test class [tourGuide.TestRewardsService]
15:11:07.858 [Test worker] DEBUG org.springframework.test.annotation.ProfileValueUtils - Retrieved ProfileValueSource type [class org.springframework.test.annotation.SystemProfileValueSource] for class [tourGuide.TestRewardsService]
15:11:07.864 [Test worker] DEBUG org.springframework.test.annotation.ProfileValueUtils - Retrieved @ProfileValueSourceConfiguration [null] for test class [tourGuide.TestRewardsService]
15:11:07.868 [Test worker] DEBUG org.springframework.test.annotation.ProfileValueUtils - Retrieved ProfileValueSource type [class org.springframework.test.annotation.SystemProfileValueSource] for class [tourGuide.TestRewardsService]
15:11:07.901 [Test worker] DEBUG org.springframework.test.context.support.AbstractDirtiesContextTestExecutionListener - Before test class: context [DefaultTestContext@43716115 testClass = TestRewardsService, testInstance = [null], testMethod = [null], testException = [null], mergedContextConfiguration = [WebMergedContextConfiguration@734407 testClass = TestRewardsService, locations = '{}', classes = '{class tourGuide.Application}', contextInitializerClasses = '[]', activeProfiles = '{}', propertySourceLocations = '{}', propertySourceProperties = '{org.springframework.boot.test.context.SpringBootTestContextBootstrapper=true}', contextCustomizers = set[org.springframework.boot.test.autoconfigure.properties.PropertyMappingContextCustomizer@0, org.springframework.boot.test.autoconfigure.web.servlet.WebDriverContextCustomizerFactory$Customizer@14064d3f, org.springframework.boot.test.context.filter.ExcludeFilterContextCustomizer@20c0b247, org.springframework.boot.test.json.DuplicateJsonObjectContextCustomizerFactory$DuplicateJsonObjectContextCustomizer@37206887, org.springframework.boot.test.mock.mockito.MockitoContextCustomizer@0, org.springframework.boot.test.web.client.TestRestTemplateContextCustomizer@4c335db6], resourceBasePath = 'src/main/webapp', contextLoader = 'org.springframework.boot.test.context.SpringBootContextLoader', parent = [null]], attributes = map['org.springframework.test.context.web.ServletTestExecutionListener.activateListener' -> true]], class annotated with @DirtiesContext [false] with mode [null].
15:11:07.997 [Test worker] DEBUG org.springframework.test.annotation.ProfileValueUtils - Retrieved @ProfileValueSourceConfiguration [null] for test class [tourGuide.TestRewardsService]
15:11:08.000 [Test worker] DEBUG org.springframework.test.annotation.ProfileValueUtils - Retrieved ProfileValueSource type [class org.springframework.test.annotation.SystemProfileValueSource] for class [tourGuide.TestRewardsService]
15:11:08.171 [Test worker] DEBUG org.springframework.test.context.support.TestPropertySourceUtils - Adding inlined properties to environment: {spring.jmx.enabled=false, org.springframework.boot.test.context.SpringBootTestContextBootstrapper=true, server.port=-1}
2020-12-17 15:11:14.384  INFO 62032 --- [    Test worker] trationDelegate$BeanPostProcessorChecker : Bean 'org.springframework.cloud.autoconfigure.ConfigurationPropertiesRebinderAutoConfiguration' of type [org.springframework.cloud.autoconfigure.ConfigurationPropertiesRebinderAutoConfiguration$$EnhancerBySpringCGLIB$$3a7a59a8] is not eligible for getting processed by all BeanPostProcessors (for example: not eligible for auto-proxying)

  .   ____          _            __ _ _
 /\\ / ___'_ __ _ _(_)_ __  __ _ \ \ \ \
( ( )\___ | '_ | '_| | '_ \/ _` | \ \ \ \
 \\/  ___)| |_)| | | | | || (_| |  ) ) ) )
  '  |____| .__|_| |_|_| |_\__, | / / / /
 =========|_|==============|___/=/_/_/_/
 :: Spring Boot ::        (v2.1.6.RELEASE)

2020-12-17 15:11:15.772  INFO 62032 --- [    Test worker] tourGuide.TestRewardsService             : No active profile set, falling back to default profiles: default
2020-12-17 15:11:19.561  INFO 62032 --- [    Test worker] o.s.cloud.context.scope.GenericScope     : BeanFactory id=d3e59fea-9ed2-3684-90a4-bb76561601ef
2020-12-17 15:11:19.758  INFO 62032 --- [    Test worker] trationDelegate$BeanPostProcessorChecker : Bean 'tourGuide.proxies.GpsUtilProxy' of type [org.springframework.cloud.openfeign.FeignClientFactoryBean] is not eligible for getting processed by all BeanPostProcessors (for example: not eligible for auto-proxying)
2020-12-17 15:11:19.763  INFO 62032 --- [    Test worker] trationDelegate$BeanPostProcessorChecker : Bean 'tourGuide.proxies.RewardCentralProxy' of type [org.springframework.cloud.openfeign.FeignClientFactoryBean] is not eligible for getting processed by all BeanPostProcessors (for example: not eligible for auto-proxying)
2020-12-17 15:11:19.766  INFO 62032 --- [    Test worker] trationDelegate$BeanPostProcessorChecker : Bean 'tourGuide.proxies.TripPricerProxy' of type [org.springframework.cloud.openfeign.FeignClientFactoryBean] is not eligible for getting processed by all BeanPostProcessors (for example: not eligible for auto-proxying)
2020-12-17 15:11:19.985  INFO 62032 --- [    Test worker] trationDelegate$BeanPostProcessorChecker : Bean 'org.springframework.cloud.autoconfigure.ConfigurationPropertiesRebinderAutoConfiguration' of type [org.springframework.cloud.autoconfigure.ConfigurationPropertiesRebinderAutoConfiguration$$EnhancerBySpringCGLIB$$3a7a59a8] is not eligible for getting processed by all BeanPostProcessors (for example: not eligible for auto-proxying)
2020-12-17 15:11:21.388  INFO 62032 --- [    Test worker] tourGuide.service.TourGuideService       : TestMode enabled
2020-12-17 15:11:21.388 DEBUG 62032 --- [    Test worker] tourGuide.service.TourGuideService       : Initializing users
2020-12-17 15:11:21.447  INFO 62032 --- [    Test worker] o.j.m.DefaultMonetaryContextFactory      : Using custom MathContext: precision=256, roundingMode=HALF_EVEN
2020-12-17 15:11:23.646 DEBUG 62032 --- [    Test worker] tourGuide.service.TourGuideService       : Created 100000 internal test users.
2020-12-17 15:11:23.662 DEBUG 62032 --- [    Test worker] tourGuide.service.TourGuideService       : Finished initializing users
2020-12-17 15:11:23.750 DEBUG 62032 --- [pool-3-thread-1] tourGuide.tracker.Tracker                : Begin Tracker. Tracking 100000 users.
2020-12-17 15:11:23.833  INFO 62032 --- [    Test worker] tourGuide.service.TourGuideService       : TestMode enabled
2020-12-17 15:11:23.834 DEBUG 62032 --- [    Test worker] tourGuide.service.TourGuideService       : Initializing users
2020-12-17 15:11:26.224 DEBUG 62032 --- [    Test worker] tourGuide.service.TourGuideService       : Created 100000 internal test users.
2020-12-17 15:11:26.224 DEBUG 62032 --- [    Test worker] tourGuide.service.TourGuideService       : Finished initializing users
2020-12-17 15:11:26.266 DEBUG 62032 --- [pool-6-thread-1] tourGuide.tracker.Tracker                : Begin Tracker. Tracking 100000 users.
2020-12-17 15:11:27.985  WARN 62032 --- [    Test worker] o.s.c.n.a.ArchaiusAutoConfiguration      : No spring.application.name found, defaulting to 'application'
2020-12-17 15:11:28.011  WARN 62032 --- [    Test worker] c.n.c.sources.URLConfigurationSource     : No URLs will be polled as dynamic configuration sources.
2020-12-17 15:11:28.011  INFO 62032 --- [    Test worker] c.n.c.sources.URLConfigurationSource     : To enable URLs as dynamic configuration sources, define System property archaius.configurationSource.additionalUrls or make config.properties available on classpath.
2020-12-17 15:11:28.073  WARN 62032 --- [    Test worker] c.n.c.sources.URLConfigurationSource     : No URLs will be polled as dynamic configuration sources.
2020-12-17 15:11:28.077  INFO 62032 --- [    Test worker] c.n.c.sources.URLConfigurationSource     : To enable URLs as dynamic configuration sources, define System property archaius.configurationSource.additionalUrls or make config.properties available on classpath.
2020-12-17 15:11:29.120  INFO 62032 --- [    Test worker] o.s.s.concurrent.ThreadPoolTaskExecutor  : Initializing ExecutorService 'applicationTaskExecutor'
2020-12-17 15:11:34.123  INFO 62032 --- [    Test worker] o.s.b.a.e.web.EndpointLinksResolver      : Exposing 2 endpoint(s) beneath base path '/actuator'
2020-12-17 15:11:34.312  INFO 62032 --- [    Test worker] tourGuide.TestRewardsService             : Started TestRewardsService in 26.084 seconds (JVM running for 31.617)
2020-12-17 15:11:35.595  INFO 62032 --- [    Test worker] tourGuide.service.TourGuideService       : TestMode enabled
2020-12-17 15:11:35.595 DEBUG 62032 --- [    Test worker] tourGuide.service.TourGuideService       : Initializing users
2020-12-17 15:11:35.598 DEBUG 62032 --- [    Test worker] tourGuide.service.TourGuideService       : Created 0 internal test users.
2020-12-17 15:11:35.598 DEBUG 62032 --- [    Test worker] tourGuide.service.TourGuideService       : Finished initializing users
2020-12-17 15:11:35.602 DEBUG 62032 --- [pool-9-thread-1] tourGuide.tracker.Tracker                : Begin Tracker. Tracking 0 users.
2020-12-17 15:11:35.604 DEBUG 62032 --- [pool-9-thread-1] tourGuide.tracker.Tracker                : Tracker Time Elapsed: 0 seconds.
2020-12-17 15:11:35.604 DEBUG 62032 --- [pool-9-thread-1] tourGuide.tracker.Tracker                : Tracker sleeping
]]></system-out>
  <system-err><![CDATA[]]></system-err>
</testsuite>
